Began process at 1520474654.14
Ticks: 5

SENT message
Global time: 1520474654.14
Logical clock time: 1

RECEIVED message
Global time: 1520474654.35
Queue length: 0
Logical clock time: 2

SENT message
Global time: 1520474654.95
Logical clock time: 5

RECEIVED message
Global time: 1520474655.15
Queue length: 0
Logical clock time: 11

RECEIVED message
Global time: 1520474655.55
Queue length: 0
Logical clock time: 15

RECEIVED message
Global time: 1520474656.16
Queue length: 0
Logical clock time: 21

RECEIVED message
Global time: 1520474656.96
Queue length: 1
Logical clock time: 28

RECEIVED message
Global time: 1520474657.16
Queue length: 0
Logical clock time: 29

SENT message
Global time: 1520474657.56
Logical clock time: 31

RECEIVED message
Global time: 1520474657.77
Queue length: 0
Logical clock time: 37

RECEIVED message
Global time: 1520474658.17
Queue length: 0
Logical clock time: 41

SENT message
Global time: 1520474658.37
Logical clock time: 42

RECEIVED message
Global time: 1520474658.57
Queue length: 0
Logical clock time: 45

SENT message
Global time: 1520474658.77
Logical clock time: 46

