Began process at 1520477036.01
Ticks: 10

RECEIVED message
Global time: 1520477036.01
Queue length: 0
Logical clock time: 2

SENT message
Global time: 1520477036.32
Logical clock time: 5

SENT message
Global time: 1520477036.42
Logical clock time: 6

RECEIVED message
Global time: 1520477037.02
Queue length: 0
Logical clock time: 12

SENT message
Global time: 1520477037.12
Logical clock time: 13

SENT message
Global time: 1520477037.33
Logical clock time: 15

SENT message
Global time: 1520477037.53
Logical clock time: 17

SENT message
Global time: 1520477037.63
Logical clock time: 18

SENT message
Global time: 1520477037.73
Logical clock time: 19

SENT message
Global time: 1520477037.83
Logical clock time: 20

SENT message
Global time: 1520477038.04
Logical clock time: 22

SENT message
Global time: 1520477038.14
Logical clock time: 23

SENT message
Global time: 1520477038.44
Logical clock time: 26

SENT message
Global time: 1520477038.54
Logical clock time: 27

SENT message
Global time: 1520477038.74
Logical clock time: 29

SENT message
Global time: 1520477038.95
Logical clock time: 31

SENT message
Global time: 1520477039.96
Logical clock time: 41

SENT message
Global time: 1520477040.06
Logical clock time: 42

SENT message
Global time: 1520477040.56
Logical clock time: 47

SENT message
Global time: 1520477040.66
Logical clock time: 48

